I, [2018-09-08T12:26:29.885000 #32293]  INFO -- : [862ba51d-dc58-45bf-8d22-ad668dc31c80] Started GET "/" for 10.0.2.2 at 2018-09-08 12:26:29 +0300
F, [2018-09-08T12:26:29.886107 #32293] FATAL -- : [862ba51d-dc58-45bf-8d22-ad668dc31c80]   
F, [2018-09-08T12:26:29.886312 #32293] FATAL -- : [862ba51d-dc58-45bf-8d22-ad668dc31c80] ActionController::RoutingError (No route matches [GET] "/"):
F, [2018-09-08T12:26:29.886500 #32293] FATAL -- : [862ba51d-dc58-45bf-8d22-ad668dc31c80]   
F, [2018-09-08T12:26:29.886697 #32293] FATAL -- : [862ba51d-dc58-45bf-8d22-ad668dc31c80] actionpack (5.2.1) lib/action_dispatch/middleware/debug_exceptions.rb:65:in `call'
[862ba51d-dc58-45bf-8d22-ad668dc31c80] actionpack (5.2.1) lib/action_dispatch/middleware/show_exceptions.rb:33:in `call'
[862ba51d-dc58-45bf-8d22-ad668dc31c80] railties (5.2.1) lib/rails/rack/logger.rb:38:in `call_app'
[862ba51d-dc58-45bf-8d22-ad668dc31c80] railties (5.2.1) lib/rails/rack/logger.rb:26:in `block in call'
[862ba51d-dc58-45bf-8d22-ad668dc31c80] activesupport (5.2.1) lib/active_support/tagged_logging.rb:71:in `block in tagged'
[862ba51d-dc58-45bf-8d22-ad668dc31c80] activesupport (5.2.1) lib/active_support/tagged_logging.rb:28:in `tagged'
[862ba51d-dc58-45bf-8d22-ad668dc31c80] activesupport (5.2.1) lib/active_support/tagged_logging.rb:71:in `tagged'
[862ba51d-dc58-45bf-8d22-ad668dc31c80] railties (5.2.1) lib/rails/rack/logger.rb:26:in `call'
[862ba51d-dc58-45bf-8d22-ad668dc31c80] actionpack (5.2.1) lib/action_dispatch/middleware/remote_ip.rb:81:in `call'
[862ba51d-dc58-45bf-8d22-ad668dc31c80] actionpack (5.2.1) lib/action_dispatch/middleware/request_id.rb:27:in `call'
[862ba51d-dc58-45bf-8d22-ad668dc31c80] rack (2.0.5) lib/rack/method_override.rb:22:in `call'
[862ba51d-dc58-45bf-8d22-ad668dc31c80] rack (2.0.5) lib/rack/runtime.rb:22:in `call'
[862ba51d-dc58-45bf-8d22-ad668dc31c80] activesupport (5.2.1) lib/active_support/cache/strategy/local_cache_middleware.rb:29:in `call'
[862ba51d-dc58-45bf-8d22-ad668dc31c80] actionpack (5.2.1) lib/action_dispatch/middleware/executor.rb:14:in `call'
[862ba51d-dc58-45bf-8d22-ad668dc31c80] actionpack (5.2.1) lib/action_dispatch/middleware/static.rb:127:in `call'
[862ba51d-dc58-45bf-8d22-ad668dc31c80] rack (2.0.5) lib/rack/sendfile.rb:111:in `call'
[862ba51d-dc58-45bf-8d22-ad668dc31c80] railties (5.2.1) lib/rails/engine.rb:524:in `call'
[862ba51d-dc58-45bf-8d22-ad668dc31c80] rack (2.0.5) lib/rack/handler/webrick.rb:86:in `service'
[862ba51d-dc58-45bf-8d22-ad668dc31c80] /usr/lib/ruby/2.5.0/webrick/httpserver.rb:140:in `service'
[862ba51d-dc58-45bf-8d22-ad668dc31c80] /usr/lib/ruby/2.5.0/webrick/httpserver.rb:96:in `run'
[862ba51d-dc58-45bf-8d22-ad668dc31c80] /usr/lib/ruby/2.5.0/webrick/server.rb:307:in `block in start_thread'
I, [2018-09-08T12:32:18.559341 #32612]  INFO -- : [bb99683e-beed-4976-9646-2131f69b719e] Started GET "/" for 10.0.2.2 at 2018-09-08 12:32:18 +0300
F, [2018-09-08T12:32:18.560910 #32612] FATAL -- : [bb99683e-beed-4976-9646-2131f69b719e]   
F, [2018-09-08T12:32:18.561135 #32612] FATAL -- : [bb99683e-beed-4976-9646-2131f69b719e] ActionController::RoutingError (No route matches [GET] "/"):
F, [2018-09-08T12:32:18.561270 #32612] FATAL -- : [bb99683e-beed-4976-9646-2131f69b719e]   
F, [2018-09-08T12:32:18.561452 #32612] FATAL -- : [bb99683e-beed-4976-9646-2131f69b719e] actionpack (5.2.1) lib/action_dispatch/middleware/debug_exceptions.rb:65:in `call'
[bb99683e-beed-4976-9646-2131f69b719e] actionpack (5.2.1) lib/action_dispatch/middleware/show_exceptions.rb:33:in `call'
[bb99683e-beed-4976-9646-2131f69b719e] railties (5.2.1) lib/rails/rack/logger.rb:38:in `call_app'
[bb99683e-beed-4976-9646-2131f69b719e] railties (5.2.1) lib/rails/rack/logger.rb:26:in `block in call'
[bb99683e-beed-4976-9646-2131f69b719e] activesupport (5.2.1) lib/active_support/tagged_logging.rb:71:in `block in tagged'
[bb99683e-beed-4976-9646-2131f69b719e] activesupport (5.2.1) lib/active_support/tagged_logging.rb:28:in `tagged'
[bb99683e-beed-4976-9646-2131f69b719e] activesupport (5.2.1) lib/active_support/tagged_logging.rb:71:in `tagged'
[bb99683e-beed-4976-9646-2131f69b719e] railties (5.2.1) lib/rails/rack/logger.rb:26:in `call'
[bb99683e-beed-4976-9646-2131f69b719e] actionpack (5.2.1) lib/action_dispatch/middleware/remote_ip.rb:81:in `call'
[bb99683e-beed-4976-9646-2131f69b719e] actionpack (5.2.1) lib/action_dispatch/middleware/request_id.rb:27:in `call'
[bb99683e-beed-4976-9646-2131f69b719e] rack (2.0.5) lib/rack/method_override.rb:22:in `call'
[bb99683e-beed-4976-9646-2131f69b719e] rack (2.0.5) lib/rack/runtime.rb:22:in `call'
[bb99683e-beed-4976-9646-2131f69b719e] activesupport (5.2.1) lib/active_support/cache/strategy/local_cache_middleware.rb:29:in `call'
[bb99683e-beed-4976-9646-2131f69b719e] actionpack (5.2.1) lib/action_dispatch/middleware/executor.rb:14:in `call'
[bb99683e-beed-4976-9646-2131f69b719e] actionpack (5.2.1) lib/action_dispatch/middleware/static.rb:127:in `call'
[bb99683e-beed-4976-9646-2131f69b719e] rack (2.0.5) lib/rack/sendfile.rb:111:in `call'
[bb99683e-beed-4976-9646-2131f69b719e] railties (5.2.1) lib/rails/engine.rb:524:in `call'
[bb99683e-beed-4976-9646-2131f69b719e] puma (3.12.0) lib/puma/configuration.rb:225:in `call'
[bb99683e-beed-4976-9646-2131f69b719e] puma (3.12.0) lib/puma/server.rb:658:in `handle_request'
[bb99683e-beed-4976-9646-2131f69b719e] puma (3.12.0) lib/puma/server.rb:472:in `process_client'
[bb99683e-beed-4976-9646-2131f69b719e] puma (3.12.0) lib/puma/server.rb:332:in `block in run'
[bb99683e-beed-4976-9646-2131f69b719e] puma (3.12.0) lib/puma/thread_pool.rb:133:in `block in spawn_thread'
I, [2018-09-08T12:32:25.454728 #32612]  INFO -- : [fac72a21-a31a-45fd-962f-36dc250c9a0a] Started GET "/" for 10.0.2.2 at 2018-09-08 12:32:25 +0300
F, [2018-09-08T12:32:25.455976 #32612] FATAL -- : [fac72a21-a31a-45fd-962f-36dc250c9a0a]   
F, [2018-09-08T12:32:25.456668 #32612] FATAL -- : [fac72a21-a31a-45fd-962f-36dc250c9a0a] ActionController::RoutingError (No route matches [GET] "/"):
F, [2018-09-08T12:32:25.456876 #32612] FATAL -- : [fac72a21-a31a-45fd-962f-36dc250c9a0a]   
F, [2018-09-08T12:32:25.457447 #32612] FATAL -- : [fac72a21-a31a-45fd-962f-36dc250c9a0a] actionpack (5.2.1) lib/action_dispatch/middleware/debug_exceptions.rb:65:in `call'
[fac72a21-a31a-45fd-962f-36dc250c9a0a] actionpack (5.2.1) lib/action_dispatch/middleware/show_exceptions.rb:33:in `call'
[fac72a21-a31a-45fd-962f-36dc250c9a0a] railties (5.2.1) lib/rails/rack/logger.rb:38:in `call_app'
[fac72a21-a31a-45fd-962f-36dc250c9a0a] railties (5.2.1) lib/rails/rack/logger.rb:26:in `block in call'
[fac72a21-a31a-45fd-962f-36dc250c9a0a] activesupport (5.2.1) lib/active_support/tagged_logging.rb:71:in `block in tagged'
[fac72a21-a31a-45fd-962f-36dc250c9a0a] activesupport (5.2.1) lib/active_support/tagged_logging.rb:28:in `tagged'
[fac72a21-a31a-45fd-962f-36dc250c9a0a] activesupport (5.2.1) lib/active_support/tagged_logging.rb:71:in `tagged'
[fac72a21-a31a-45fd-962f-36dc250c9a0a] railties (5.2.1) lib/rails/rack/logger.rb:26:in `call'
[fac72a21-a31a-45fd-962f-36dc250c9a0a] actionpack (5.2.1) lib/action_dispatch/middleware/remote_ip.rb:81:in `call'
[fac72a21-a31a-45fd-962f-36dc250c9a0a] actionpack (5.2.1) lib/action_dispatch/middleware/request_id.rb:27:in `call'
[fac72a21-a31a-45fd-962f-36dc250c9a0a] rack (2.0.5) lib/rack/method_override.rb:22:in `call'
[fac72a21-a31a-45fd-962f-36dc250c9a0a] rack (2.0.5) lib/rack/runtime.rb:22:in `call'
[fac72a21-a31a-45fd-962f-36dc250c9a0a] activesupport (5.2.1) lib/active_support/cache/strategy/local_cache_middleware.rb:29:in `call'
[fac72a21-a31a-45fd-962f-36dc250c9a0a] actionpack (5.2.1) lib/action_dispatch/middleware/executor.rb:14:in `call'
[fac72a21-a31a-45fd-962f-36dc250c9a0a] actionpack (5.2.1) lib/action_dispatch/middleware/static.rb:127:in `call'
[fac72a21-a31a-45fd-962f-36dc250c9a0a] rack (2.0.5) lib/rack/sendfile.rb:111:in `call'
[fac72a21-a31a-45fd-962f-36dc250c9a0a] railties (5.2.1) lib/rails/engine.rb:524:in `call'
[fac72a21-a31a-45fd-962f-36dc250c9a0a] puma (3.12.0) lib/puma/configuration.rb:225:in `call'
[fac72a21-a31a-45fd-962f-36dc250c9a0a] puma (3.12.0) lib/puma/server.rb:658:in `handle_request'
[fac72a21-a31a-45fd-962f-36dc250c9a0a] puma (3.12.0) lib/puma/server.rb:472:in `process_client'
[fac72a21-a31a-45fd-962f-36dc250c9a0a] puma (3.12.0) lib/puma/server.rb:332:in `block in run'
[fac72a21-a31a-45fd-962f-36dc250c9a0a] puma (3.12.0) lib/puma/thread_pool.rb:133:in `block in spawn_thread'
